Copyright 1986-2021 Xilinx, Inc. All Rights Reserved.
------------------------------------------------------------------------------------
| Tool Version : Vivado v.2021.1 (win64) Build 3247384 Thu Jun 10 19:36:33 MDT 2021
| Date         : Thu Oct  3 09:15:06 2024
| Host         : bigolBox running 64-bit major release  (build 9200)
| Command      : upgrade_ip
| Device       : xc7z020clg400-1
------------------------------------------------------------------------------------

Upgrade Log for IP 'zynq_system_fifo_map_0_2'

1. Summary
----------

CAUTION (success, with warnings) in the upgrade of zynq_system_fifo_map_0_2 (xilinx.com:user:fifo_map:1.0) from (Rev. 2) to (Rev. 3)

2. Addressing Information
-------------------------

Detected addressing differences while upgrading 'zynq_system_fifo_map_0_2'. These changes may impact your design.


-Upgrade has added address block 'S_AXI/baseee'







Copyright 1986-2021 Xilinx, Inc. All Rights Reserved.
------------------------------------------------------------------------------------
| Tool Version : Vivado v.2021.1 (win64) Build 3247384 Thu Jun 10 19:36:33 MDT 2021
| Date         : Thu Oct  3 05:56:23 2024
| Host         : bigolBox running 64-bit major release  (build 9200)
| Command      : upgrade_ip
| Device       : xc7z020clg400-1
------------------------------------------------------------------------------------

Upgrade Log for IP 'zynq_system_fifo_map_0_0'

1. Summary
----------

SUCCESS in the upgrade of zynq_system_fifo_map_0_0 (xilinx.com:user:fifo_map:1.0) from (Rev. 2) to (Rev. 3)

