Copyright 1986-2021 Xilinx, Inc. All Rights Reserved.
---------------------------------------------------------------------------------------------------------------
| Tool Version : Vivado v.2021.1 (win64) Build 3247384 Thu Jun 10 19:36:33 MDT 2021
| Date         : Fri Oct  4 20:47:16 2024
| Host         : bigolBox running 64-bit major release  (build 9200)
| Command      : upgrade_project -migrate_output_products
| Project_Path : C:/Users/Matt/Documents/Vivado_Projects/MIDI_Interface/fpga_synth/fpga_synth.xpr
---------------------------------------------------------------------------------------------------------------

Project Status Summary

1. Project IP Status
--------------------
This project contains 0 IP and 1 Block Designs.


1.1 Project IP Instances
+----------------------------+-------------------------+-------------------------------------+-------------------------------------+
| Instance Name              | Status                  | Reason                              | Recommendation                      |
+----------------------------+-------------------------+-------------------------------------+-------------------------------------+
| dds_dds_compiler_1_1       | Will be Migrated.       |                                     |                                     |
+----------------------------+-------------------------+-------------------------------------+-------------------------------------+
| dds_dds_compiler_0_1       | Will be Migrated.       |                                     |                                     |
+----------------------------+-------------------------+-------------------------------------+-------------------------------------+
| dds_processing_system7_0_0 | Will be Migrated.       |                                     |                                     |
+----------------------------+-------------------------+-------------------------------------+-------------------------------------+
| dds_ila_0_0                | Will be Migrated.       |                                     |                                     |
+----------------------------+-------------------------+-------------------------------------+-------------------------------------+


1.2 Project Block Designs
+-----+-------------------------+-------------------------------------+-------------------------------------+
| Des | Status                  | Reason                              | Recommendation                      |
| Nam |                         |                                     |                                     |
+-----+-------------------------+-------------------------------------+-------------------------------------+
| dds | Will be Migrated.       |                                     |                                     |
+-----+-------------------------+-------------------------------------+-------------------------------------+



