Vivado Simulator 2018.3
Copyright 1986-1999, 2001-2018 Xilinx, Inc. All Rights Reserved.
Running: C:/Xilinx/Vivado/2018.3/bin/unwrapped/win64.o/xelab.exe -wto 5401d0933f5e40a3a7cb566b94408d90 --incr --debug typical --relax --mt 2 -L xil_defaultlib -L xbip_utils_v3_0_9 -L axi_utils_v2_0_5 -L xbip_pipe_v3_0_5 -L xbip_bram18k_v3_0_5 -L mult_gen_v12_0_14 -L xbip_dsp48_wrapper_v3_0_4 -L xbip_dsp48_addsub_v3_0_5 -L xbip_dsp48_multadd_v3_0_5 -L dds_compiler_v6_0_17 -L xilinx_vip -L unisims_ver -L unimacro_ver -L secureip -L xpm --snapshot dds_wrapper_behav xil_defaultlib.dds_wrapper xil_defaultlib.glbl -log elaborate.log 
Using 2 slave threads.
Starting static elaboration
Completed static elaboration
Starting simulation data flow analysis
Completed simulation data flow analysis
Time Resolution for simulation is 1ps
Compiling package std.standard
Compiling package std.textio
Compiling package ieee.std_logic_1164
Compiling package ieee.numeric_std
Compiling package unisim.vcomponents
Compiling package xbip_utils_v3_0_9.xbip_utils_v3_0_9_pkg
Compiling package xbip_utils_v3_0_9.xcc_utils_v3_0
Compiling package dds_compiler_v6_0_17.dds_compiler_v6_0_17_viv_comp
Compiling package ieee.std_logic_arith
Compiling package ieee.std_logic_signed
Compiling package dds_compiler_v6_0_17.pkg_dds_compiler_v6_0_17
Compiling package dds_compiler_v6_0_17.dds_compiler_v6_0_17_hdl_comps
Compiling package xbip_pipe_v3_0_5.xbip_pipe_v3_0_5_viv_comp
Compiling package axi_utils_v2_0_5.axi_utils_v2_0_5_pkg
Compiling package ieee.math_real
Compiling package axi_utils_v2_0_5.global_util_pkg
Compiling package axi_utils_v2_0_5.axi_utils_comps
Compiling package ieee.std_logic_unsigned
Compiling package dds_compiler_v6_0_17.pkg_betas
Compiling package dds_compiler_v6_0_17.pkg_alphas
Compiling package ieee.vital_timing
Compiling package ieee.vital_primitives
Compiling package unisim.vpkg
Compiling module xil_defaultlib.glbl
Compiling architecture synth of entity xbip_pipe_v3_0_5.xbip_pipe_v3_0_5_viv [\xbip_pipe_v3_0_5_viv(c_latency=...]
Compiling architecture synth of entity xbip_pipe_v3_0_5.xbip_pipe_v3_0_5_viv [\xbip_pipe_v3_0_5_viv(c_latency=...]
Compiling architecture synth of entity xbip_pipe_v3_0_5.xbip_pipe_v3_0_5_viv [\xbip_pipe_v3_0_5_viv(c_latency=...]
Compiling architecture synth of entity dds_compiler_v6_0_17.dds_compiler_v6_0_17_rdy [\dds_compiler_v6_0_17_rdy(c_has_...]
Compiling architecture synth of entity xbip_pipe_v3_0_5.xbip_pipe_v3_0_5_viv [\xbip_pipe_v3_0_5_viv(c_latency=...]
Compiling architecture synth of entity xbip_pipe_v3_0_5.xbip_pipe_v3_0_5_viv [\xbip_pipe_v3_0_5_viv(c_has_ce=1...]
Compiling architecture synth of entity xbip_pipe_v3_0_5.xbip_pipe_v3_0_5_viv [\xbip_pipe_v3_0_5_viv(c_latency=...]
Compiling architecture synth of entity dds_compiler_v6_0_17.sin_cos [\sin_cos(c_xdevicefamily="zynq",...]
Compiling architecture synth of entity xbip_pipe_v3_0_5.xbip_pipe_v3_0_5_viv [\xbip_pipe_v3_0_5_viv(c_has_ce=1...]
Compiling architecture synth of entity dds_compiler_v6_0_17.dds_compiler_v6_0_17_core [\dds_compiler_v6_0_17_core(c_xde...]
Compiling architecture synth of entity dds_compiler_v6_0_17.dds_compiler_v6_0_17_viv [\dds_compiler_v6_0_17_viv(c_xdev...]
Compiling architecture xilinx of entity dds_compiler_v6_0_17.dds_compiler_v6_0_17 [\dds_compiler_v6_0_17(c_xdevicef...]
Compiling architecture dds_dds_compiler_0_1_arch of entity xil_defaultlib.dds_dds_compiler_0_1 [dds_dds_compiler_0_1_default]
Compiling architecture synth of entity xbip_pipe_v3_0_5.xbip_pipe_v3_0_5_viv [\xbip_pipe_v3_0_5_viv(c_latency=...]
Compiling architecture synth of entity dds_compiler_v6_0_17.dds_compiler_v6_0_17_rdy [\dds_compiler_v6_0_17_rdy(c_has_...]
Compiling architecture synth of entity xbip_pipe_v3_0_5.xbip_pipe_v3_0_5_viv [\xbip_pipe_v3_0_5_viv(c_has_ce=1...]
Compiling architecture synth of entity xbip_pipe_v3_0_5.xbip_pipe_v3_0_5_viv [\xbip_pipe_v3_0_5_viv(c_has_ce=1...]
Compiling architecture synth of entity xbip_pipe_v3_0_5.xbip_pipe_v3_0_5_viv [\xbip_pipe_v3_0_5_viv(c_latency=...]
Compiling architecture synth of entity dds_compiler_v6_0_17.pipe_add [\pipe_add(c_width=16,c_seg_width...]
Compiling architecture synth of entity dds_compiler_v6_0_17.accum [\accum(c_xdevicefamily="zynq",c_...]
Compiling architecture synth of entity dds_compiler_v6_0_17.dds_compiler_v6_0_17_core [\dds_compiler_v6_0_17_core(c_xde...]
Compiling architecture synth of entity dds_compiler_v6_0_17.dds_compiler_v6_0_17_viv [\dds_compiler_v6_0_17_viv(c_xdev...]
Compiling architecture xilinx of entity dds_compiler_v6_0_17.dds_compiler_v6_0_17 [\dds_compiler_v6_0_17(c_xdevicef...]
Compiling architecture dds_dds_compiler_1_1_arch of entity xil_defaultlib.dds_dds_compiler_1_1 [dds_dds_compiler_1_1_default]
Compiling architecture dds_ila_0_0_arch of entity xil_defaultlib.dds_ila_0_0 [dds_ila_0_0_default]
Compiling architecture bibuf_v of entity unisim.BIBUF [bibuf_default]
Compiling architecture lut1_v of entity unisim.LUT1 [\LUT1(init="0001")(0,3)\]
Compiling architecture gnd_v of entity unisim.GND [gnd_default]
Compiling architecture ps7_v of entity unisim.PS7 [\PS7:dds_wrapper:dds_i:processin...]
Compiling architecture vcc_v of entity unisim.VCC [vcc_default]
Compiling architecture bufg_v of entity unisim.BUFG [bufg_default]
Compiling architecture lut1_v of entity unisim.LUT1 [\LUT1(init="0010")(0,3)\]
Compiling architecture structure of entity xil_defaultlib.dds_processing_system7_0_0_processing_system7_v5_5_processing_system7 [\dds_processing_system7_0_0_proc...]
Compiling architecture structure of entity xil_defaultlib.dds_processing_system7_0_0 [\dds_processing_system7_0_0:dds_...]
Compiling architecture structure of entity xil_defaultlib.dds [\dds:dds_wrapper:dds_i:\]
Compiling architecture structure of entity xil_defaultlib.dds_wrapper
Built simulation snapshot dds_wrapper_behav
